<?xml version="1.0" encoding="UTF-8" ?>
<testsuite tests="29" failures="0" name="ua.yandex.shad.tempseries.TemperatureSeriesAnalysisTest" time="0.062" errors="0" skipped="0">
  <properties>
[...]
</properties>
  <testcase classname="ua.yandex.shad.tempseries.TemperatureSeriesAnalysisTest" name="testMax_testResult" time="0.019"/>
  <testcase classname="ua.yandex.shad.tempseries.TemperatureSeriesAnalysisTest" name="testFindTempsLessThan_oneElement" time="0.009"/>
  <testcase classname="ua.yandex.shad.tempseries.TemperatureSeriesAnalysisTest" name="testFindTempsGreaterThan_oneElement" time="0"/>
  <testcase classname="ua.yandex.shad.tempseries.TemperatureSeriesAnalysisTest" name="testSummaryStatistics_testValues" time="0.003"/>
  <testcase classname="ua.yandex.shad.tempseries.TemperatureSeriesAnalysisTest" name="testFindTempClosestToValue_manyElements" time="0"/>
  <testcase classname="ua.yandex.shad.tempseries.TemperatureSeriesAnalysisTest" name="testFindTempClosestToZero_manyElements" time="0"/>
  <testcase classname="ua.yandex.shad.tempseries.TemperatureSeriesAnalysisTest" name="testMin_testResult" time="0"/>
  <testcase classname="ua.yandex.shad.tempseries.TemperatureSeriesAnalysisTest" name="testAddTemps_addToEmpty" time="0.001"/>
  <testcase classname="ua.yandex.shad.tempseries.TemperatureSeriesAnalysisTest" name="testFindTempClosestToZero_oneElement" time="0"/>
  <testcase classname="ua.yandex.shad.tempseries.TemperatureSeriesAnalysisTest" name="testMin_failOnEmpty" time="0"/>
  <testcase classname="ua.yandex.shad.tempseries.TemperatureSeriesAnalysisTest" name="testFindTempClosestToZero_testWithZero" time="0"/>
  <testcase classname="ua.yandex.shad.tempseries.TemperatureSeriesAnalysisTest" name="testAverage_failOnEmpty" time="0"/>
  <testcase classname="ua.yandex.shad.tempseries.TemperatureSeriesAnalysisTest" name="testAddTemps_checkArrayLen" time="0"/>
  <testcase classname="ua.yandex.shad.tempseries.TemperatureSeriesAnalysisTest" name="testAddTemps_multupleAdding" time="0"/>
  <testcase classname="ua.yandex.shad.tempseries.TemperatureSeriesAnalysisTest" name="testMax_failOnEmpty" time="0"/>
  <testcase classname="ua.yandex.shad.tempseries.TemperatureSeriesAnalysisTest" name="testFindTempClosestToValue_oneElement" time="0"/>
  <testcase classname="ua.yandex.shad.tempseries.TemperatureSeriesAnalysisTest" name="testAddTemps_needToResize" time="0"/>
  <testcase classname="ua.yandex.shad.tempseries.TemperatureSeriesAnalysisTest" name="testFindTempsGreaterThan_manyElements" time="0"/>
  <testcase classname="ua.yandex.shad.tempseries.TemperatureSeriesAnalysisTest" name="testFindTempsLessThan_manyElements" time="0"/>
  <testcase classname="ua.yandex.shad.tempseries.TemperatureSeriesAnalysisTest" name="testFindTempsLessThan_failOnEmpty" time="0.022"/>
  <testcase classname="ua.yandex.shad.tempseries.TemperatureSeriesAnalysisTest" name="testDeviation_failOnEmpty" time="0"/>
  <testcase classname="ua.yandex.shad.tempseries.TemperatureSeriesAnalysisTest" name="testAddTemps_testOnLessThanAbsoluteMin" time="0"/>
  <testcase classname="ua.yandex.shad.tempseries.TemperatureSeriesAnalysisTest" name="testFindTempClosestToValue_equalModule" time="0"/>
  <testcase classname="ua.yandex.shad.tempseries.TemperatureSeriesAnalysisTest" name="testFindTempClosestToZero_equalModule" time="0"/>
  <testcase classname="ua.yandex.shad.tempseries.TemperatureSeriesAnalysisTest" name="testFindTempClosestToValue_failOnEmpty" time="0.008"/>
  <testcase classname="ua.yandex.shad.tempseries.TemperatureSeriesAnalysisTest" name="testFindTempsGreaterThan_failOnEmpty" time="0"/>
  <testcase classname="ua.yandex.shad.tempseries.TemperatureSeriesAnalysisTest" name="testFindTempClosestToZero_failOnEmpty" time="0"/>
  <testcase classname="ua.yandex.shad.tempseries.TemperatureSeriesAnalysisTest" name="testDeviation_manyElements" time="0"/>
  <testcase classname="ua.yandex.shad.tempseries.TemperatureSeriesAnalysisTest" name="testAverage_testResult" time="0"/>
</testsuite>